<?xml version="1.0" encoding="UTF-8"?>
<!-- Generated by org.testng.reporters.JUnitXMLReporter -->
<testsuite ignored="0" hostname="DESKTOP-H8QP287" failures="0" tests="3" name="mytest" time="34.984" errors="0" timestamp="2024-03-03T21:54:33 IST">
  <testcase classname="TestCases.TC005_purchase" name="login" time="4.993"/>
  <testcase classname="TestCases.TC005_purchase" name="Cart" time="10.333"/>
  <testcase classname="TestCases.TC005_purchase" name="purchase" time="7.933"/>
</testsuite> <!-- mytest -->
