<?xml version="1.0" encoding="UTF-8"?>
<!-- Generated by org.testng.reporters.JUnitXMLReporter -->
<testsuite ignored="0" hostname="DESKTOP-H8QP287" failures="0" tests="8" name="master1" time="125.437" errors="0" timestamp="2024-03-04T02:13:22 IST">
  <testcase classname="TestCases.TC001_registration" name="homepage" time="6.707"/>
  <testcase classname="TestCases.TC001_registration" name="Registration" time="3.508"/>
  <testcase classname="TestCases.TC002_Login" name="logintest" time="8.808"/>
  <testcase classname="TestCases.TC004_CartAproduct" name="login" time="4.951"/>
  <testcase classname="TestCases.TC004_CartAproduct" name="Scarch" time="11.535"/>
  <testcase classname="TestCases.TC005_purchase" name="login" time="4.206"/>
  <testcase classname="TestCases.TC005_purchase" name="Cart" time="9.194"/>
  <testcase classname="TestCases.TC005_purchase" name="purchase" time="8.385"/>
</testsuite> <!-- master1 -->
