<?xml version="1.0" encoding="UTF-8"?>
<!-- Generated by org.testng.reporters.JUnitXMLReporter -->
<testsuite ignored="0" hostname="DESKTOP-H8QP287" failures="0" tests="5" name="master1" time="71.153" errors="0" timestamp="2024-03-03T03:16:01 IST">
  <testcase classname="TestCases.TC001_registration" name="homepage" time="0.858"/>
  <testcase classname="TestCases.TC001_registration" name="Registration" time="3.053"/>
  <testcase classname="TestCases.TC002_Login" name="logintest" time="8.222"/>
  <testcase classname="TestCases.TC004_CartAproduct" name="login" time="4.731"/>
  <testcase classname="TestCases.TC004_CartAproduct" name="Scarch" time="11.709"/>
</testsuite> <!-- master1 -->
