<?xml version="1.0" encoding="UTF-8"?>
<!-- Generated by org.testng.reporters.JUnitXMLReporter -->
<testsuite ignored="0" hostname="DESKTOP-H8QP287" failures="0" tests="8" name="master1" time="118.512" errors="0" timestamp="2024-03-04T20:34:30 IST">
  <testcase classname="TestCases.TC001_registration" name="homepage" time="1.292"/>
  <testcase classname="TestCases.TC001_registration" name="Registration" time="3.39"/>
  <testcase classname="TestCases.TC002_Login" name="logintest" time="7.955"/>
  <testcase classname="TestCases.TC004_CartAproduct" name="login" time="4.566"/>
  <testcase classname="TestCases.TC004_CartAproduct" name="Scarch" time="12.315"/>
  <testcase classname="TestCases.TC005_purchase" name="login" time="4.352"/>
  <testcase classname="TestCases.TC005_purchase" name="Cart" time="9.851"/>
  <testcase classname="TestCases.TC005_purchase" name="purchase" time="9.773"/>
</testsuite> <!-- master1 -->
