<?xml version="1.0" encoding="UTF-8"?>
<!-- Generated by org.testng.reporters.JUnitXMLReporter -->
<testsuite ignored="0" hostname="DESKTOP-H8QP287" failures="0" tests="5" name="master1" time="55.728" errors="0" timestamp="2024-03-03T18:29:52 IST">
  <testcase classname="TestCases.TC001_registration" name="homepage" time="0.838"/>
  <testcase classname="TestCases.TC001_registration" name="Registration" time="3.256"/>
  <testcase classname="TestCases.TC002_Login" name="logintest" time="7.653"/>
  <testcase classname="TestCases.TC004_CartAproduct" name="login" time="4.232"/>
  <testcase classname="TestCases.TC004_CartAproduct" name="Scarch" time="10.223"/>
</testsuite> <!-- master1 -->
