<?xml version="1.0" encoding="UTF-8"?>
<testng-results ignored="0" total="8" passed="8" failed="0" skipped="0">
  <reporter-output>
  </reporter-output>
  <suite started-at="2024-03-04T02:13:54 IST" name="Suite" finished-at="2024-03-04T02:15:31 IST" duration-ms="97822">
    <groups>
      <group name="regrassion">
        <method signature="TC002_Login.logintest()[pri:0, instance:TestCases.TC002_Login@4550bb58]" name="logintest" class="TestCases.TC002_Login"/>
        <method signature="TC001_registration.homepage()[pri:1, instance:TestCases.TC001_registration@77847718]" name="homepage" class="TestCases.TC001_registration"/>
        <method signature="TC001_registration.Registration()[pri:2, instance:TestCases.TC001_registration@77847718]" name="Registration" class="TestCases.TC001_registration"/>
      </group> <!-- regrassion -->
      <group name="sanity">
        <method signature="TC002_Login.logintest()[pri:0, instance:TestCases.TC002_Login@4550bb58]" name="logintest" class="TestCases.TC002_Login"/>
        <method signature="TC004_CartAproduct.login()[pri:1, instance:TestCases.TC004_CartAproduct@4ec4f3a0]" name="login" class="TestCases.TC004_CartAproduct"/>
        <method signature="TC005_purchase.login()[pri:1, instance:TestCases.TC005_purchase@223191a6]" name="login" class="TestCases.TC005_purchase"/>
        <method signature="TC004_CartAproduct.Scarch()[pri:2, instance:TestCases.TC004_CartAproduct@4ec4f3a0]" name="Scarch" class="TestCases.TC004_CartAproduct"/>
        <method signature="TC005_purchase.Cart()[pri:2, instance:TestCases.TC005_purchase@223191a6]" name="Cart" class="TestCases.TC005_purchase"/>
        <method signature="TC005_purchase.purchase()[pri:3, instance:TestCases.TC005_purchase@223191a6]" name="purchase" class="TestCases.TC005_purchase"/>
      </group> <!-- sanity -->
      <group name="master">
        <method signature="TC001_registration.homepage()[pri:1, instance:TestCases.TC001_registration@77847718]" name="homepage" class="TestCases.TC001_registration"/>
        <method signature="TC004_CartAproduct.login()[pri:1, instance:TestCases.TC004_CartAproduct@4ec4f3a0]" name="login" class="TestCases.TC004_CartAproduct"/>
        <method signature="TC005_purchase.login()[pri:1, instance:TestCases.TC005_purchase@223191a6]" name="login" class="TestCases.TC005_purchase"/>
        <method signature="TC001_registration.Registration()[pri:2, instance:TestCases.TC001_registration@77847718]" name="Registration" class="TestCases.TC001_registration"/>
        <method signature="TC004_CartAproduct.Scarch()[pri:2, instance:TestCases.TC004_CartAproduct@4ec4f3a0]" name="Scarch" class="TestCases.TC004_CartAproduct"/>
        <method signature="TC005_purchase.Cart()[pri:2, instance:TestCases.TC005_purchase@223191a6]" name="Cart" class="TestCases.TC005_purchase"/>
        <method signature="TC005_purchase.purchase()[pri:3, instance:TestCases.TC005_purchase@223191a6]" name="purchase" class="TestCases.TC005_purchase"/>
      </group> <!-- master -->
    </groups>
    <test started-at="2024-03-04T02:13:54 IST" name="master1" finished-at="2024-03-04T02:15:31 IST" duration-ms="97822">
      <class name="TestCases.TC005_purchase">
        <test-method is-config="true" signature="setup(java.lang.String,java.lang.String)[pri:0, instance:TestCases.TC005_purchase@223191a6]" started-at="2024-03-04T02:14:58 IST" name="setup" finished-at="2024-03-04T02:15:09 IST" duration-ms="11498" status="PASS">
          <params>
            <param index="0">
              <value>
                <![CDATA[windows]]>
              </value>
            </param>
            <param index="1">
              <value>
                <![CDATA[chrome]]>
              </value>
            </param>
          </params>
          <reporter-output>
          </reporter-output>
        </test-method> <!-- setup -->
        <test-method signature="login()[pri:1, instance:TestCases.TC005_purchase@223191a6]" started-at="2024-03-04T02:15:09 IST" name="login" finished-at="2024-03-04T02:15:13 IST" duration-ms="4160" status="PASS">
          <reporter-output>
          </reporter-output>
        </test-method> <!-- login -->
        <test-method signature="Cart()[pri:2, instance:TestCases.TC005_purchase@223191a6]" started-at="2024-03-04T02:15:13 IST" name="Cart" finished-at="2024-03-04T02:15:23 IST" depends-on-methods="TestCases.TC005_purchase.login" duration-ms="9487" status="PASS">
          <reporter-output>
          </reporter-output>
        </test-method> <!-- Cart -->
        <test-method signature="purchase()[pri:3, instance:TestCases.TC005_purchase@223191a6]" started-at="2024-03-04T02:15:23 IST" name="purchase" finished-at="2024-03-04T02:15:31 IST" depends-on-methods="TestCases.TC005_purchase.login, TestCases.TC005_purchase.Cart" duration-ms="8394" status="PASS">
          <reporter-output>
          </reporter-output>
        </test-method> <!-- purchase -->
        <test-method is-config="true" signature="close()[pri:0, instance:TestCases.TC005_purchase@223191a6]" started-at="2024-03-04T02:15:31 IST" name="close" finished-at="2024-03-04T02:15:31 IST" duration-ms="292" status="PASS">
          <reporter-output>
          </reporter-output>
        </test-method> <!-- close -->
      </class> <!-- TestCases.TC005_purchase -->
      <class name="TestCases.TC002_Login">
        <test-method is-config="true" signature="setup(java.lang.String,java.lang.String)[pri:0, instance:TestCases.TC002_Login@4550bb58]" started-at="2024-03-04T02:14:14 IST" name="setup" finished-at="2024-03-04T02:14:24 IST" duration-ms="10231" status="PASS">
          <params>
            <param index="0">
              <value>
                <![CDATA[windows]]>
              </value>
            </param>
            <param index="1">
              <value>
                <![CDATA[chrome]]>
              </value>
            </param>
          </params>
          <reporter-output>
          </reporter-output>
        </test-method> <!-- setup -->
        <test-method signature="logintest()[pri:0, instance:TestCases.TC002_Login@4550bb58]" started-at="2024-03-04T02:14:24 IST" name="logintest" finished-at="2024-03-04T02:14:32 IST" duration-ms="8094" status="PASS">
          <reporter-output>
          </reporter-output>
        </test-method> <!-- logintest -->
        <test-method is-config="true" signature="close()[pri:0, instance:TestCases.TC002_Login@4550bb58]" started-at="2024-03-04T02:14:32 IST" name="close" finished-at="2024-03-04T02:14:33 IST" duration-ms="479" status="PASS">
          <reporter-output>
          </reporter-output>
        </test-method> <!-- close -->
      </class> <!-- TestCases.TC002_Login -->
      <class name="TestCases.TC004_CartAproduct">
        <test-method is-config="true" signature="setup(java.lang.String,java.lang.String)[pri:0, instance:TestCases.TC004_CartAproduct@4ec4f3a0]" started-at="2024-03-04T02:14:33 IST" name="setup" finished-at="2024-03-04T02:14:42 IST" duration-ms="9488" status="PASS">
          <params>
            <param index="0">
              <value>
                <![CDATA[windows]]>
              </value>
            </param>
            <param index="1">
              <value>
                <![CDATA[chrome]]>
              </value>
            </param>
          </params>
          <reporter-output>
          </reporter-output>
        </test-method> <!-- setup -->
        <test-method signature="login()[pri:1, instance:TestCases.TC004_CartAproduct@4ec4f3a0]" started-at="2024-03-04T02:14:42 IST" name="login" finished-at="2024-03-04T02:14:46 IST" duration-ms="4076" status="PASS">
          <reporter-output>
          </reporter-output>
        </test-method> <!-- login -->
        <test-method signature="Scarch()[pri:2, instance:TestCases.TC004_CartAproduct@4ec4f3a0]" started-at="2024-03-04T02:14:46 IST" name="Scarch" finished-at="2024-03-04T02:14:57 IST" depends-on-methods="TestCases.TC004_CartAproduct.login" duration-ms="11115" status="PASS">
          <reporter-output>
          </reporter-output>
        </test-method> <!-- Scarch -->
        <test-method is-config="true" signature="close()[pri:0, instance:TestCases.TC004_CartAproduct@4ec4f3a0]" started-at="2024-03-04T02:14:57 IST" name="close" finished-at="2024-03-04T02:14:58 IST" duration-ms="275" status="PASS">
          <reporter-output>
          </reporter-output>
        </test-method> <!-- close -->
      </class> <!-- TestCases.TC004_CartAproduct -->
      <class name="TestCases.TC001_registration">
        <test-method is-config="true" signature="setup(java.lang.String,java.lang.String)[pri:0, instance:TestCases.TC001_registration@77847718]" started-at="2024-03-04T02:13:54 IST" name="setup" finished-at="2024-03-04T02:14:09 IST" duration-ms="14671" status="PASS">
          <params>
            <param index="0">
              <value>
                <![CDATA[windows]]>
              </value>
            </param>
            <param index="1">
              <value>
                <![CDATA[chrome]]>
              </value>
            </param>
          </params>
          <reporter-output>
          </reporter-output>
        </test-method> <!-- setup -->
        <test-method signature="homepage()[pri:1, instance:TestCases.TC001_registration@77847718]" started-at="2024-03-04T02:14:09 IST" name="homepage" finished-at="2024-03-04T02:14:10 IST" duration-ms="873" status="PASS">
          <reporter-output>
          </reporter-output>
        </test-method> <!-- homepage -->
        <test-method signature="Registration()[pri:2, instance:TestCases.TC001_registration@77847718]" started-at="2024-03-04T02:14:10 IST" name="Registration" finished-at="2024-03-04T02:14:14 IST" depends-on-methods="TestCases.TC001_registration.homepage" duration-ms="3813" status="PASS">
          <reporter-output>
          </reporter-output>
        </test-method> <!-- Registration -->
        <test-method is-config="true" signature="close()[pri:0, instance:TestCases.TC001_registration@77847718]" started-at="2024-03-04T02:14:14 IST" name="close" finished-at="2024-03-04T02:14:14 IST" duration-ms="343" status="PASS">
          <reporter-output>
          </reporter-output>
        </test-method> <!-- close -->
      </class> <!-- TestCases.TC001_registration -->
    </test> <!-- master1 -->
  </suite> <!-- Suite -->
</testng-results>
