<?xml version="1.0" encoding="UTF-8"?>
<testng-results ignored="0" total="8" passed="8" failed="0" skipped="0">
  <reporter-output>
  </reporter-output>
  <suite started-at="2024-03-04T20:32:29 IST" name="Suite" finished-at="2024-03-04T20:34:28 IST" duration-ms="118512">
    <groups>
      <group name="regrassion">
        <method signature="TC002_Login.logintest()[pri:0, instance:TestCases.TC002_Login@6adbc9d]" name="logintest" class="TestCases.TC002_Login"/>
        <method signature="TC001_registration.homepage()[pri:1, instance:TestCases.TC001_registration@158d2680]" name="homepage" class="TestCases.TC001_registration"/>
        <method signature="TC001_registration.Registration()[pri:2, instance:TestCases.TC001_registration@158d2680]" name="Registration" class="TestCases.TC001_registration"/>
      </group> <!-- regrassion -->
      <group name="sanity">
        <method signature="TC002_Login.logintest()[pri:0, instance:TestCases.TC002_Login@6adbc9d]" name="logintest" class="TestCases.TC002_Login"/>
        <method signature="TC004_CartAproduct.login()[pri:1, instance:TestCases.TC004_CartAproduct@4550bb58]" name="login" class="TestCases.TC004_CartAproduct"/>
        <method signature="TC005_purchase.login()[pri:1, instance:TestCases.TC005_purchase@4ec4f3a0]" name="login" class="TestCases.TC005_purchase"/>
        <method signature="TC004_CartAproduct.Scarch()[pri:2, instance:TestCases.TC004_CartAproduct@4550bb58]" name="Scarch" class="TestCases.TC004_CartAproduct"/>
        <method signature="TC005_purchase.Cart()[pri:2, instance:TestCases.TC005_purchase@4ec4f3a0]" name="Cart" class="TestCases.TC005_purchase"/>
        <method signature="TC005_purchase.purchase()[pri:3, instance:TestCases.TC005_purchase@4ec4f3a0]" name="purchase" class="TestCases.TC005_purchase"/>
      </group> <!-- sanity -->
      <group name="master">
        <method signature="TC001_registration.homepage()[pri:1, instance:TestCases.TC001_registration@158d2680]" name="homepage" class="TestCases.TC001_registration"/>
        <method signature="TC004_CartAproduct.login()[pri:1, instance:TestCases.TC004_CartAproduct@4550bb58]" name="login" class="TestCases.TC004_CartAproduct"/>
        <method signature="TC005_purchase.login()[pri:1, instance:TestCases.TC005_purchase@4ec4f3a0]" name="login" class="TestCases.TC005_purchase"/>
        <method signature="TC001_registration.Registration()[pri:2, instance:TestCases.TC001_registration@158d2680]" name="Registration" class="TestCases.TC001_registration"/>
        <method signature="TC004_CartAproduct.Scarch()[pri:2, instance:TestCases.TC004_CartAproduct@4550bb58]" name="Scarch" class="TestCases.TC004_CartAproduct"/>
        <method signature="TC005_purchase.Cart()[pri:2, instance:TestCases.TC005_purchase@4ec4f3a0]" name="Cart" class="TestCases.TC005_purchase"/>
        <method signature="TC005_purchase.purchase()[pri:3, instance:TestCases.TC005_purchase@4ec4f3a0]" name="purchase" class="TestCases.TC005_purchase"/>
      </group> <!-- master -->
    </groups>
    <test started-at="2024-03-04T20:32:29 IST" name="master1" finished-at="2024-03-04T20:34:28 IST" duration-ms="118512">
      <class name="TestCases.TC005_purchase">
        <test-method is-config="true" signature="setup(java.lang.String,java.lang.String)[pri:0, instance:TestCases.TC005_purchase@4ec4f3a0]" started-at="2024-03-04T20:33:50 IST" name="setup" finished-at="2024-03-04T20:34:03 IST" duration-ms="13455" status="PASS">
          <params>
            <param index="0">
              <value>
                <![CDATA[windows]]>
              </value>
            </param>
            <param index="1">
              <value>
                <![CDATA[chrome]]>
              </value>
            </param>
          </params>
          <reporter-output>
          </reporter-output>
        </test-method> <!-- setup -->
        <test-method signature="login()[pri:1, instance:TestCases.TC005_purchase@4ec4f3a0]" started-at="2024-03-04T20:34:03 IST" name="login" finished-at="2024-03-04T20:34:08 IST" duration-ms="4352" status="PASS">
          <reporter-output>
          </reporter-output>
        </test-method> <!-- login -->
        <test-method signature="Cart()[pri:2, instance:TestCases.TC005_purchase@4ec4f3a0]" started-at="2024-03-04T20:34:08 IST" name="Cart" finished-at="2024-03-04T20:34:17 IST" depends-on-methods="TestCases.TC005_purchase.login" duration-ms="9851" status="PASS">
          <reporter-output>
          </reporter-output>
        </test-method> <!-- Cart -->
        <test-method signature="purchase()[pri:3, instance:TestCases.TC005_purchase@4ec4f3a0]" started-at="2024-03-04T20:34:17 IST" name="purchase" finished-at="2024-03-04T20:34:27 IST" depends-on-methods="TestCases.TC005_purchase.login, TestCases.TC005_purchase.Cart" duration-ms="9773" status="PASS">
          <reporter-output>
          </reporter-output>
        </test-method> <!-- purchase -->
        <test-method is-config="true" signature="close()[pri:0, instance:TestCases.TC005_purchase@4ec4f3a0]" started-at="2024-03-04T20:34:27 IST" name="close" finished-at="2024-03-04T20:34:28 IST" duration-ms="334" status="PASS">
          <reporter-output>
          </reporter-output>
        </test-method> <!-- close -->
      </class> <!-- TestCases.TC005_purchase -->
      <class name="TestCases.TC002_Login">
        <test-method is-config="true" signature="setup(java.lang.String,java.lang.String)[pri:0, instance:TestCases.TC002_Login@6adbc9d]" started-at="2024-03-04T20:33:04 IST" name="setup" finished-at="2024-03-04T20:33:14 IST" duration-ms="10517" status="PASS">
          <params>
            <param index="0">
              <value>
                <![CDATA[windows]]>
              </value>
            </param>
            <param index="1">
              <value>
                <![CDATA[chrome]]>
              </value>
            </param>
          </params>
          <reporter-output>
          </reporter-output>
        </test-method> <!-- setup -->
        <test-method signature="logintest()[pri:0, instance:TestCases.TC002_Login@6adbc9d]" started-at="2024-03-04T20:33:14 IST" name="logintest" finished-at="2024-03-04T20:33:22 IST" duration-ms="7955" status="PASS">
          <reporter-output>
          </reporter-output>
        </test-method> <!-- logintest -->
        <test-method is-config="true" signature="close()[pri:0, instance:TestCases.TC002_Login@6adbc9d]" started-at="2024-03-04T20:33:22 IST" name="close" finished-at="2024-03-04T20:33:23 IST" duration-ms="307" status="PASS">
          <reporter-output>
          </reporter-output>
        </test-method> <!-- close -->
      </class> <!-- TestCases.TC002_Login -->
      <class name="TestCases.TC004_CartAproduct">
        <test-method is-config="true" signature="setup(java.lang.String,java.lang.String)[pri:0, instance:TestCases.TC004_CartAproduct@4550bb58]" started-at="2024-03-04T20:33:23 IST" name="setup" finished-at="2024-03-04T20:33:33 IST" duration-ms="9985" status="PASS">
          <params>
            <param index="0">
              <value>
                <![CDATA[windows]]>
              </value>
            </param>
            <param index="1">
              <value>
                <![CDATA[chrome]]>
              </value>
            </param>
          </params>
          <reporter-output>
          </reporter-output>
        </test-method> <!-- setup -->
        <test-method signature="login()[pri:1, instance:TestCases.TC004_CartAproduct@4550bb58]" started-at="2024-03-04T20:33:33 IST" name="login" finished-at="2024-03-04T20:33:37 IST" duration-ms="4566" status="PASS">
          <reporter-output>
          </reporter-output>
        </test-method> <!-- login -->
        <test-method signature="Scarch()[pri:2, instance:TestCases.TC004_CartAproduct@4550bb58]" started-at="2024-03-04T20:33:37 IST" name="Scarch" finished-at="2024-03-04T20:33:49 IST" depends-on-methods="TestCases.TC004_CartAproduct.login" duration-ms="12315" status="PASS">
          <reporter-output>
          </reporter-output>
        </test-method> <!-- Scarch -->
        <test-method is-config="true" signature="close()[pri:0, instance:TestCases.TC004_CartAproduct@4550bb58]" started-at="2024-03-04T20:33:49 IST" name="close" finished-at="2024-03-04T20:33:50 IST" duration-ms="337" status="PASS">
          <reporter-output>
          </reporter-output>
        </test-method> <!-- close -->
      </class> <!-- TestCases.TC004_CartAproduct -->
      <class name="TestCases.TC001_registration">
        <test-method is-config="true" signature="setup(java.lang.String,java.lang.String)[pri:0, instance:TestCases.TC001_registration@158d2680]" started-at="2024-03-04T20:32:29 IST" name="setup" finished-at="2024-03-04T20:32:58 IST" duration-ms="28457" status="PASS">
          <params>
            <param index="0">
              <value>
                <![CDATA[windows]]>
              </value>
            </param>
            <param index="1">
              <value>
                <![CDATA[chrome]]>
              </value>
            </param>
          </params>
          <reporter-output>
          </reporter-output>
        </test-method> <!-- setup -->
        <test-method signature="homepage()[pri:1, instance:TestCases.TC001_registration@158d2680]" started-at="2024-03-04T20:32:58 IST" name="homepage" finished-at="2024-03-04T20:32:59 IST" duration-ms="1292" status="PASS">
          <reporter-output>
          </reporter-output>
        </test-method> <!-- homepage -->
        <test-method signature="Registration()[pri:2, instance:TestCases.TC001_registration@158d2680]" started-at="2024-03-04T20:32:59 IST" name="Registration" finished-at="2024-03-04T20:33:03 IST" depends-on-methods="TestCases.TC001_registration.homepage" duration-ms="3390" status="PASS">
          <reporter-output>
          </reporter-output>
        </test-method> <!-- Registration -->
        <test-method is-config="true" signature="close()[pri:0, instance:TestCases.TC001_registration@158d2680]" started-at="2024-03-04T20:33:03 IST" name="close" finished-at="2024-03-04T20:33:04 IST" duration-ms="1152" status="PASS">
          <reporter-output>
          </reporter-output>
        </test-method> <!-- close -->
      </class> <!-- TestCases.TC001_registration -->
    </test> <!-- master1 -->
  </suite> <!-- Suite -->
</testng-results>
