<?xml version="1.0" encoding="UTF-8"?>
<testng-results ignored="0" total="8" passed="8" failed="0" skipped="0">
  <reporter-output>
  </reporter-output>
  <suite started-at="2024-03-04T02:11:09 IST" name="Suite" finished-at="2024-03-04T02:13:14 IST" duration-ms="125437">
    <groups>
      <group name="regrassion">
        <method signature="TC002_Login.logintest()[pri:0, instance:TestCases.TC002_Login@233795b6]" name="logintest" class="TestCases.TC002_Login"/>
        <method signature="TC001_registration.homepage()[pri:1, instance:TestCases.TC001_registration@7dcf94f8]" name="homepage" class="TestCases.TC001_registration"/>
        <method signature="TC001_registration.Registration()[pri:2, instance:TestCases.TC001_registration@7dcf94f8]" name="Registration" class="TestCases.TC001_registration"/>
      </group> <!-- regrassion -->
      <group name="sanity">
        <method signature="TC002_Login.logintest()[pri:0, instance:TestCases.TC002_Login@233795b6]" name="logintest" class="TestCases.TC002_Login"/>
        <method signature="TC004_CartAproduct.login()[pri:1, instance:TestCases.TC004_CartAproduct@3eb738bb]" name="login" class="TestCases.TC004_CartAproduct"/>
        <method signature="TC005_purchase.login()[pri:1, instance:TestCases.TC005_purchase@5bda8e08]" name="login" class="TestCases.TC005_purchase"/>
        <method signature="TC004_CartAproduct.Scarch()[pri:2, instance:TestCases.TC004_CartAproduct@3eb738bb]" name="Scarch" class="TestCases.TC004_CartAproduct"/>
        <method signature="TC005_purchase.Cart()[pri:2, instance:TestCases.TC005_purchase@5bda8e08]" name="Cart" class="TestCases.TC005_purchase"/>
        <method signature="TC005_purchase.purchase()[pri:3, instance:TestCases.TC005_purchase@5bda8e08]" name="purchase" class="TestCases.TC005_purchase"/>
      </group> <!-- sanity -->
      <group name="master">
        <method signature="TC001_registration.homepage()[pri:1, instance:TestCases.TC001_registration@7dcf94f8]" name="homepage" class="TestCases.TC001_registration"/>
        <method signature="TC004_CartAproduct.login()[pri:1, instance:TestCases.TC004_CartAproduct@3eb738bb]" name="login" class="TestCases.TC004_CartAproduct"/>
        <method signature="TC005_purchase.login()[pri:1, instance:TestCases.TC005_purchase@5bda8e08]" name="login" class="TestCases.TC005_purchase"/>
        <method signature="TC001_registration.Registration()[pri:2, instance:TestCases.TC001_registration@7dcf94f8]" name="Registration" class="TestCases.TC001_registration"/>
        <method signature="TC004_CartAproduct.Scarch()[pri:2, instance:TestCases.TC004_CartAproduct@3eb738bb]" name="Scarch" class="TestCases.TC004_CartAproduct"/>
        <method signature="TC005_purchase.Cart()[pri:2, instance:TestCases.TC005_purchase@5bda8e08]" name="Cart" class="TestCases.TC005_purchase"/>
        <method signature="TC005_purchase.purchase()[pri:3, instance:TestCases.TC005_purchase@5bda8e08]" name="purchase" class="TestCases.TC005_purchase"/>
      </group> <!-- master -->
    </groups>
    <test started-at="2024-03-04T02:11:09 IST" name="master1" finished-at="2024-03-04T02:13:14 IST" duration-ms="125437">
      <class name="TestCases.TC005_purchase">
        <test-method is-config="true" signature="setup(java.lang.String,java.lang.String)[pri:0, instance:TestCases.TC005_purchase@5bda8e08]" started-at="2024-03-04T02:12:41 IST" name="setup" finished-at="2024-03-04T02:12:52 IST" duration-ms="11256" status="PASS">
          <params>
            <param index="0">
              <value>
                <![CDATA[windows]]>
              </value>
            </param>
            <param index="1">
              <value>
                <![CDATA[chrome]]>
              </value>
            </param>
          </params>
          <reporter-output>
          </reporter-output>
        </test-method> <!-- setup -->
        <test-method signature="login()[pri:1, instance:TestCases.TC005_purchase@5bda8e08]" started-at="2024-03-04T02:12:52 IST" name="login" finished-at="2024-03-04T02:12:56 IST" duration-ms="4206" status="PASS">
          <reporter-output>
          </reporter-output>
        </test-method> <!-- login -->
        <test-method signature="Cart()[pri:2, instance:TestCases.TC005_purchase@5bda8e08]" started-at="2024-03-04T02:12:56 IST" name="Cart" finished-at="2024-03-04T02:13:06 IST" depends-on-methods="TestCases.TC005_purchase.login" duration-ms="9194" status="PASS">
          <reporter-output>
          </reporter-output>
        </test-method> <!-- Cart -->
        <test-method signature="purchase()[pri:3, instance:TestCases.TC005_purchase@5bda8e08]" started-at="2024-03-04T02:13:06 IST" name="purchase" finished-at="2024-03-04T02:13:14 IST" depends-on-methods="TestCases.TC005_purchase.login, TestCases.TC005_purchase.Cart" duration-ms="8385" status="PASS">
          <reporter-output>
          </reporter-output>
        </test-method> <!-- purchase -->
        <test-method is-config="true" signature="close()[pri:0, instance:TestCases.TC005_purchase@5bda8e08]" started-at="2024-03-04T02:13:14 IST" name="close" finished-at="2024-03-04T02:13:14 IST" duration-ms="356" status="PASS">
          <reporter-output>
          </reporter-output>
        </test-method> <!-- close -->
      </class> <!-- TestCases.TC005_purchase -->
      <class name="TestCases.TC002_Login">
        <test-method is-config="true" signature="setup(java.lang.String,java.lang.String)[pri:0, instance:TestCases.TC002_Login@233795b6]" started-at="2024-03-04T02:11:51 IST" name="setup" finished-at="2024-03-04T02:12:00 IST" duration-ms="9428" status="PASS">
          <params>
            <param index="0">
              <value>
                <![CDATA[windows]]>
              </value>
            </param>
            <param index="1">
              <value>
                <![CDATA[chrome]]>
              </value>
            </param>
          </params>
          <reporter-output>
          </reporter-output>
        </test-method> <!-- setup -->
        <test-method signature="logintest()[pri:0, instance:TestCases.TC002_Login@233795b6]" started-at="2024-03-04T02:12:00 IST" name="logintest" finished-at="2024-03-04T02:12:09 IST" duration-ms="8808" status="PASS">
          <reporter-output>
          </reporter-output>
        </test-method> <!-- logintest -->
        <test-method is-config="true" signature="close()[pri:0, instance:TestCases.TC002_Login@233795b6]" started-at="2024-03-04T02:12:09 IST" name="close" finished-at="2024-03-04T02:12:10 IST" duration-ms="730" status="PASS">
          <reporter-output>
          </reporter-output>
        </test-method> <!-- close -->
      </class> <!-- TestCases.TC002_Login -->
      <class name="TestCases.TC004_CartAproduct">
        <test-method is-config="true" signature="setup(java.lang.String,java.lang.String)[pri:0, instance:TestCases.TC004_CartAproduct@3eb738bb]" started-at="2024-03-04T02:12:10 IST" name="setup" finished-at="2024-03-04T02:12:23 IST" duration-ms="13541" status="PASS">
          <params>
            <param index="0">
              <value>
                <![CDATA[windows]]>
              </value>
            </param>
            <param index="1">
              <value>
                <![CDATA[chrome]]>
              </value>
            </param>
          </params>
          <reporter-output>
          </reporter-output>
        </test-method> <!-- setup -->
        <test-method signature="login()[pri:1, instance:TestCases.TC004_CartAproduct@3eb738bb]" started-at="2024-03-04T02:12:23 IST" name="login" finished-at="2024-03-04T02:12:28 IST" duration-ms="4951" status="PASS">
          <reporter-output>
          </reporter-output>
        </test-method> <!-- login -->
        <test-method signature="Scarch()[pri:2, instance:TestCases.TC004_CartAproduct@3eb738bb]" started-at="2024-03-04T02:12:28 IST" name="Scarch" finished-at="2024-03-04T02:12:40 IST" depends-on-methods="TestCases.TC004_CartAproduct.login" duration-ms="11535" status="PASS">
          <reporter-output>
          </reporter-output>
        </test-method> <!-- Scarch -->
        <test-method is-config="true" signature="close()[pri:0, instance:TestCases.TC004_CartAproduct@3eb738bb]" started-at="2024-03-04T02:12:40 IST" name="close" finished-at="2024-03-04T02:12:41 IST" duration-ms="929" status="PASS">
          <reporter-output>
          </reporter-output>
        </test-method> <!-- close -->
      </class> <!-- TestCases.TC004_CartAproduct -->
      <class name="TestCases.TC001_registration">
        <test-method is-config="true" signature="setup(java.lang.String,java.lang.String)[pri:0, instance:TestCases.TC001_registration@7dcf94f8]" started-at="2024-03-04T02:11:10 IST" name="setup" finished-at="2024-03-04T02:11:40 IST" duration-ms="30022" status="PASS">
          <params>
            <param index="0">
              <value>
                <![CDATA[windows]]>
              </value>
            </param>
            <param index="1">
              <value>
                <![CDATA[chrome]]>
              </value>
            </param>
          </params>
          <reporter-output>
          </reporter-output>
        </test-method> <!-- setup -->
        <test-method signature="homepage()[pri:1, instance:TestCases.TC001_registration@7dcf94f8]" started-at="2024-03-04T02:11:40 IST" name="homepage" finished-at="2024-03-04T02:11:46 IST" duration-ms="6707" status="PASS">
          <reporter-output>
          </reporter-output>
        </test-method> <!-- homepage -->
        <test-method signature="Registration()[pri:2, instance:TestCases.TC001_registration@7dcf94f8]" started-at="2024-03-04T02:11:46 IST" name="Registration" finished-at="2024-03-04T02:11:50 IST" depends-on-methods="TestCases.TC001_registration.homepage" duration-ms="3508" status="PASS">
          <reporter-output>
          </reporter-output>
        </test-method> <!-- Registration -->
        <test-method is-config="true" signature="close()[pri:0, instance:TestCases.TC001_registration@7dcf94f8]" started-at="2024-03-04T02:11:50 IST" name="close" finished-at="2024-03-04T02:11:51 IST" duration-ms="905" status="PASS">
          <reporter-output>
          </reporter-output>
        </test-method> <!-- close -->
      </class> <!-- TestCases.TC001_registration -->
    </test> <!-- master1 -->
  </suite> <!-- Suite -->
</testng-results>
